[2024-09-04 17:41:57+03:00] INFO: Installer API request received {"method":"GET","endpoint":"checkPhpVersion"} 
} 
[2024-09-04 17:41:57+03:00] NOTICE: Checking PHP "curl" extension  
[2024-09-04 17:41:57+03:00] NOTICE: Checking PHP "json" extension  
":"8.2.4","needed":"8.0.2"} 
[2024-09-04 17:41:57+03:00] NOTICE: PHP version requirement met.  
[2024-09-04 17:41:57+03:00] NOTICE: Checking PHP "pdo" extension  
[2024-09-04 17:41:57+03:00] INFO: Winter API request {"method":"GET","uri":"ping"} 
[2024-09-04 17:41:57+03:00] NOTICE: Checking PHP "mbstring" extension  
[2024-09-04 17:41:57+03:00] NOTICE: Checking PHP "fileinfo" extension  
[2024-09-04 17:41:57+03:00] NOTICE: Checking PHP "openssl" extension  
[2024-09-04 17:41:57+03:00] NOTICE: Checking PHP "gd" extension  
[2024-09-04 17:41:57+03:00] NOTICE: Checking PHP "filter" extension  
[2024-09-04 17:41:57+03:00] NOTICE: Checking PHP "hash" extension  
[2024-09-04 17:41:57+03:00] NOTICE: Checking PHP "dom" extension  
[2024-09-04 17:41:57+03:00] NOTICE: Required PHP extensions are installed.  
[2024-09-04 17:41:59+03:00] NOTICE: Response received from Winter CMS API {"response":"pong"} 
[2024-09-04 17:41:59+03:00] NOTICE: Winter CMS API connection successful.  
[2024-09-04 17:43:05+03:00] INFO: Installer API request received {"method":"GET","endpoint":"checkWriteAccess"} 
[2024-09-04 17:43:05+03:00] NOTICE: Check database connection  
[2024-09-04 17:43:05+03:00] NOTICE: Current working directory is writable.  
[2024-09-04 17:43:06+03:00] ERROR: Database could not be connected to. {"code":500,"exception":"SQLSTATE[HY000] [1045] Access denied for user 'admin'@'localhost' (using password: YES)"} 
[2024-09-04 17:44:38+03:00] INFO: Installer API request received {"method":"POST","endpoint":"checkDatabase"} 
[2024-09-04 17:44:38+03:00] NOTICE: Check database connection  
[2024-09-04 17:44:38+03:00] INFO: Installer API request received {"method":"GET","endpoint":"checkWriteAccess"} 
[2024-09-04 17:44:38+03:00] NOTICE: Current working directory is writable.  
[2024-09-04 17:44:39+03:00] NOTICE: Found 0 table(s) {"tables":""} 
[2024-09-04 17:44:39+03:00] NOTICE: Database connection established and verified empty  
[2024-09-04 17:44:40+03:00] INFO: Installer API request received {"method":"POST","endpoint":"downloadWinter"} 
[2024-09-04 17:44:40+03:00] NOTICE: Try downloading Winter CMS archive  
[2024-09-04 17:44:40+03:00] NOTICE: Downloading Winter ZIP via cURL {"url":"https://github.com/wintercms/winter/archive/refs/heads/1.2.zip"} 
[2024-09-04 17:45:19+03:00] NOTICE: Winter CMS ZIP file downloaded {"path":"C:\\work\\backend\\domains\\3dmir\\.wintercms\\winter.zip"} 
[2024-09-04 17:45:19+03:00] INFO: Installer API request received {"method":"POST","endpoint":"extractWinter"} 
[2024-09-04 17:45:19+03:00] NOTICE: Begin extracting Winter CMS archive  
[2024-09-04 17:45:29+03:00] NOTICE: Move subfoldered files into position {"subfolder":"winter-1.2/"} 
[2024-09-04 17:45:29+03:00] NOTICE: Remove ZIP subfolder {"subfolder":"winter-1.2/"} 
[2024-09-04 17:45:29+03:00] NOTICE: Make artisan command-line tool executable {"path":"C:\\work\\backend\\domains\\3dmir\\.wintercms\\artisan"} 
[2024-09-04 17:45:29+03:00] NOTICE: Remove Composer Merge plugin from composer.json if found  
[2024-09-04 17:45:29+03:00] NOTICE: Found merge plugin in required packages - removing  
[2024-09-04 17:45:29+03:00] NOTICE: Found merge plugin config in "extra" config definition - removing  
[2024-09-04 17:45:29+03:00] INFO: Installer API request received {"method":"POST","endpoint":"lockDependencies"} 
[2024-09-04 17:45:29+03:00] NOTICE: Create Composer instance  
[2024-09-04 17:45:29+03:00] NOTICE: Set memory limit to 1.5GB  
[2024-09-04 17:45:29+03:00] NOTICE: Set work directory for Composer {"path":"C:\\work\\backend\\domains\\3dmir\\.wintercms"} 
[2024-09-04 17:45:29+03:00] NOTICE: Create home/cache directory for Composer {"path":"C:\\work\\backend\\domains\\3dmir\\.wintercms\\.composer"} 
[2024-09-04 17:45:29+03:00] NOTICE: Set home/cache directory for Composer {"path":"C:\\work\\backend\\domains\\3dmir\\.wintercms\\.composer"} 
[2024-09-04 17:45:29+03:00] NOTICE: Run Composer "update" command - generate only a lockfile  
[2024-09-04 17:46:09+03:00] NOTICE: Locked Composer packages {"numPackages":118,"lockFile":"C:\\work\\backend\\domains\\3dmir\\.wintercms\\composer.lock"} 
[2024-09-04 17:46:09+03:00] INFO: Installer API request received {"method":"POST","endpoint":"installDependencies"} 
[2024-09-04 17:46:09+03:00] NOTICE: Create Composer instance  
[2024-09-04 17:46:09+03:00] NOTICE: Set memory limit to 1.5GB  
[2024-09-04 17:46:09+03:00] NOTICE: Set work directory for Composer {"path":"C:\\work\\backend\\domains\\3dmir\\.wintercms"} 
[2024-09-04 17:46:09+03:00] NOTICE: Set home/cache directory for Composer {"path":"C:\\work\\backend\\domains\\3dmir\\.wintercms\\.composer"} 
[2024-09-04 17:46:09+03:00] NOTICE: Run Composer "install" command - install from lockfile  
[2024-09-04 17:48:17+03:00] NOTICE: Installed Composer packages {"numPackages":118} 
[2024-09-04 17:48:17+03:00] INFO: Installer API request received {"method":"POST","endpoint":"setupConfig"} 
[2024-09-04 17:48:17+03:00] NOTICE: Booting Laravel framework  
[2024-09-04 17:48:17+03:00] NOTICE: Loading autoloader  
[2024-09-04 17:48:40+03:00] NOTICE: Bootstrapping kernel  
[2024-09-04 17:48:47+03:00] NOTICE: Rewriting config {"path":"C:\\work\\backend\\domains\\3dmir\\.wintercms\\config\\app.php"} 
[2024-09-04 17:48:49+03:00] NOTICE: Rewriting config {"path":"C:\\work\\backend\\domains\\3dmir\\.wintercms\\config\\cms.php"} 
[2024-09-04 17:48:49+03:00] NOTICE: Rewriting config {"path":"C:\\work\\backend\\domains\\3dmir\\.wintercms\\config\\database.php"} 
[2024-09-04 17:48:49+03:00] INFO: Installer API request received {"method":"POST","endpoint":"runMigrations"} 
[2024-09-04 17:48:49+03:00] NOTICE: Booting Laravel framework  
[2024-09-04 17:48:49+03:00] NOTICE: Loading autoloader  
[2024-09-04 17:48:50+03:00] NOTICE: Bootstrapping kernel  
[2024-09-04 17:48:50+03:00] NOTICE: Running artisan "config:clear" command  
[2024-09-04 17:48:55+03:00] NOTICE: Command finished. {"output":"\n   INFO  Configuration cache cleared successfully.  \n\r\n"} 
[2024-09-04 17:48:55+03:00] NOTICE: Running database migrations  
[2024-09-04 17:49:04+03:00] NOTICE: Command finished. {"output":"Migrating application and plugins...\r\n\r\n   INFO  Migration table created.  \n\r\n\r\nMigrating System module...\r\n\r\n   INFO  Running migrations.  \n\r\n  2013_10_01_000001_Db_Deferred_Bindings .................................................................. 167ms DONE\r\n  2013_10_01_000002_Db_System_Files ........................................................................ 77ms DONE\r\n  2013_10_01_000003_Db_System_Plugin_Versions .............................................................. 36ms DONE\r\n  2013_10_01_000004_Db_System_Plugin_History ............................................................... 57ms DONE\r\n  2013_10_01_000005_Db_System_Settings ..................................................................... 40ms DONE\r\n  2013_10_01_000006_Db_System_Parameters ................................................................... 26ms DONE\r\n  2013_10_01_000007_Db_System_Add_Disabled_Flag ............................................................ 14ms DONE\r\n  2013_10_01_000008_Db_System_Mail_Templates ............................................................... 32ms DONE\r\n  2013_10_01_000009_Db_System_Mail_Layouts ................................................................. 11ms DONE\r\n  2014_10_01_000010_Db_Jobs ................................................................................ 14ms DONE\r\n  2014_10_01_000011_Db_System_Event_Logs ................................................................... 34ms DONE\r\n  2014_10_01_000012_Db_System_Request_Logs ................................................................. 12ms DONE\r\n  2014_10_01_000013_Db_System_Sessions ..................................................................... 45ms DONE\r\n  2015_10_01_000014_Db_System_Mail_Layout_Rename ........................................................... 26ms DONE\r\n  2015_10_01_000015_Db_System_Add_Frozen_Flag .............................................................. 18ms DONE\r\n  2015_10_01_000016_Db_Cache ............................................................................... 51ms DONE\r\n  2015_10_01_000017_Db_System_Revisions .................................................................... 80ms DONE\r\n  2015_10_01_000018_Db_FailedJobs .......................................................................... 17ms DONE\r\n  2016_10_01_000019_Db_System_Plugin_History_Detail_Text ................................................ 2,313ms DONE\r\n  2016_10_01_000020_Db_System_Timestamp_Fix ............................................................... 303ms DONE\r\n  2017_08_04_121309_Db_Deferred_Bindings_Add_Index_Session ................................................. 15ms DONE\r\n  2017_10_01_000021_Db_System_Sessions_Update .............................................................. 13ms DONE\r\n  2017_10_01_000022_Db_Jobs_FailedJobs_Update .............................................................. 54ms DONE\r\n  2017_10_01_000023_Db_System_Mail_Partials ................................................................ 14ms DONE\r\n  2017_10_23_000024_Db_System_Mail_Layouts_Add_Options_Field ............................................... 15ms DONE\r\n  2021_10_01_000025_Db_Add_Pivot_Data_To_Deferred_Bindings ................................................. 16ms DONE\r\n  2022_08_06_000026_Db_System_Add_App_Birthday_Date ........................................................ 67ms DONE\r\n  2022_10_14_000027_Db_Jobs_FailedJobs_Update ............................................................. 198ms DONE\r\n  2023_09_24_000028_Db_System_Sessions_Indexes ............................................................. 41ms DONE\r\n  2023_10_20_000029_Db_Jobs_Batches ........................................................................ 50ms DONE\r\n\r\n\r\nMigrating Backend module...\r\n\r\n   INFO  Running migrations.  \n\r\n  2013_10_01_000001_Db_Backend_Users ...................................................................... 126ms DONE\r\n  2013_10_01_000002_Db_Backend_User_Groups ................................................................. 36ms DONE\r\n  2013_10_01_000003_Db_Backend_Users_Groups ................................................................ 46ms DONE\r\n  2013_10_01_000004_Db_Backend_User_Throttle ............................................................... 45ms DONE\r\n  2014_01_04_000005_Db_Backend_User_Preferences ............................................................ 23ms DONE\r\n  2014_10_01_000006_Db_Backend_Access_Log .................................................................. 10ms DONE\r\n  2014_10_01_000007_Db_Backend_Add_Description_Field ....................................................... 22ms DONE\r\n  2015_10_01_000008_Db_Backend_Add_Superuser_Flag .......................................................... 48ms DONE\r\n  2016_10_01_000009_Db_Backend_Timestamp_Fix ............................................................... 68ms DONE\r\n  2017_10_01_000010_Db_Backend_User_Roles .................................................................. 66ms DONE\r\n  2018_12_16_000011_Db_Backend_Add_Deleted_At .............................................................. 14ms DONE\r\n  2023_02_16_000012_Db_Backend_Add_User_Metadata ........................................................... 23ms DONE\r\n  2023_09_09_000013_Db_Backend_Add_Users_Groups_Delete_At .................................................. 23ms DONE\r\n\r\n\r\nMigrating Cms module...\r\n\r\n   INFO  Running migrations.  \n\r\n  2014_10_01_000001_Db_Cms_Theme_Data ...................................................................... 21ms DONE\r\n  2016_10_01_000002_Db_Cms_Timestamp_Fix ................................................................... 24ms DONE\r\n  2017_10_01_000003_Db_Cms_Theme_Logs ...................................................................... 43ms DONE\r\n  2018_11_01_000001_Db_Cms_Theme_Templates ................................................................. 36ms DONE\r\n\r\n\r\nSeeding System module...\r\n\r\n   INFO  Seeded System.  \n\r\n\r\nSeeding Backend module...\r\n\r\n   INFO  Seeded Backend.  \n\r\nMigrating Winter Demo (Winter.Demo) plugin...\r\n\r\n   INFO  Running migrations.  \n\r\n  1.0.1:    First version of Demo ........................................................................... 6ms DONE\r\n\r\n\r\n   INFO  Migration complete.  \n\r\n   INFO  \\Backend\\Database\\Seeds\\DatabaseSeeder reported the following:  \n\r\n    - The following password has been automatically generated for the \"admin\" account: CENCZn2bYPi9kDnMuqCcRt\r\n\r\n"} 
[2024-09-04 17:49:04+03:00] INFO: Installer API request received {"method":"POST","endpoint":"createAdmin"} 
[2024-09-04 17:49:04+03:00] NOTICE: Booting Laravel framework  
[2024-09-04 17:49:04+03:00] NOTICE: Loading autoloader  
[2024-09-04 17:49:04+03:00] NOTICE: Bootstrapping kernel  
[2024-09-04 17:49:05+03:00] NOTICE: Finding initial admin account  
[2024-09-04 17:49:05+03:00] NOTICE: Changing admin account to details provided in installation  
[2024-09-04 17:49:05+03:00] INFO: Installer API request received {"method":"POST","endpoint":"cleanUp"} 
[2024-09-04 17:49:05+03:00] NOTICE: Removing installation files  
[2024-09-04 17:49:05+03:00] NOTICE: Removing temporary installation folders  
[2024-09-04 17:49:10+03:00] NOTICE: Removing core development files  
[2024-09-04 17:49:10+03:00] NOTICE: Moving files from temporary work directory to final installation path {"workDir":"C:\\work\\backend\\domains\\3dmir\\.wintercms","installDir":"C:\\work\\backend\\domains\\3dmir"} 
[2024-09-04 17:49:10+03:00] NOTICE: Removing work directory  
[2024-09-04 17:49:10+03:00] NOTICE: Installation complete!  
